<?xml version="1.0" encoding="UTF-8"?>
<!-- Generated by org.testng.reporters.JUnitReportReporter -->
<testsuite hostname="Mohammed-Alam" failures="0" tests="1" name="com.usa.my.runner.MyRunner" time="7.460" errors="0" timestamp="2022-03-24T12:01:56 EDT" skipped="0">
  <testcase classname="com.usa.my.runner.MyRunner" name="feature" time="7.460"/>
  <system-out/>
</testsuite> <!-- com.usa.my.runner.MyRunner -->
