<?xml version="1.0" encoding="UTF-8"?>
<!-- Generated by org.testng.reporters.JUnitReportReporter -->
<testsuite hostname="Mohammed-Alam" failures="0" tests="6" name="coding.challenges.RemoveDuplicates" time="0.025" errors="0" timestamp="2022-04-03T13:18:23 EDT" skipped="0">
  <testcase classname="coding.challenges.RemoveDuplicates" name="getFindOutDuplicateFromStrings" time="0.003"/>
  <system-out/>
  <testcase classname="coding.challenges.RemoveDuplicates" name="getConvertDataType" time="0.002"/>
  <system-out/>
  <testcase classname="coding.challenges.RemoveDuplicates" name="getReveresString" time="0.002"/>
  <system-out/>
  <testcase classname="coding.challenges.RemoveDuplicates" name="getSecondHighestNumber" time="0.002"/>
  <system-out/>
  <testcase classname="coding.challenges.RemoveDuplicates" name="getBreakWords" time="0.007"/>
  <system-out/>
  <testcase classname="coding.challenges.RemoveDuplicates" name="getCompareData" time="0.009"/>
  <system-out/>
</testsuite> <!-- coding.challenges.RemoveDuplicates -->
