<?xml version="1.0" encoding="UTF-8"?>
<!-- Generated by org.testng.reporters.JUnitReportReporter -->
<testsuite hostname="Mohammed-Alam" failures="0" tests="100" name="com.usa.testng.TestNGRunMultipleTimes" time="0.232" errors="0" timestamp="2022-05-08T11:28:08 EDT" skipped="0">
  <testcase classname="com.usa.testng.TestNGRunMultipleTimes" name="getEmployees" time="0.003"/>
  <system-out/>
  <testcase classname="com.usa.testng.TestNGRunMultipleTimes" name="getEmployees" time="0.001"/>
  <system-out/>
  <testcase classname="com.usa.testng.TestNGRunMultipleTimes" name="getEmployees" time="0.001"/>
  <system-out/>
  <testcase classname="com.usa.testng.TestNGRunMultipleTimes" name="getEmployees" time="0.001"/>
  <system-out/>
  <testcase classname="com.usa.testng.TestNGRunMultipleTimes" name="getEmployees" time="0.001"/>
  <system-out/>
  <testcase classname="com.usa.testng.TestNGRunMultipleTimes" name="getEmployees" time="0.002"/>
  <system-out/>
  <testcase classname="com.usa.testng.TestNGRunMultipleTimes" name="getEmployees" time="0.001"/>
  <system-out/>
  <testcase classname="com.usa.testng.TestNGRunMultipleTimes" name="getEmployees" time="0.001"/>
  <system-out/>
  <testcase classname="com.usa.testng.TestNGRunMultipleTimes" name="getEmployees" time="0.003"/>
  <system-out/>
  <testcase classname="com.usa.testng.TestNGRunMultipleTimes" name="getEmployees" time="0.001"/>
  <system-out/>
  <testcase classname="com.usa.testng.TestNGRunMultipleTimes" name="getEmployees" time="0.002"/>
  <system-out/>
  <testcase classname="com.usa.testng.TestNGRunMultipleTimes" name="getEmployees" time="0.001"/>
  <system-out/>
  <testcase classname="com.usa.testng.TestNGRunMultipleTimes" name="getEmployees" time="0.005"/>
  <system-out/>
  <testcase classname="com.usa.testng.TestNGRunMultipleTimes" name="getEmployees" time="0.001"/>
  <system-out/>
  <testcase classname="com.usa.testng.TestNGRunMultipleTimes" name="getEmployees" time="0.002"/>
  <system-out/>
  <testcase classname="com.usa.testng.TestNGRunMultipleTimes" name="getEmployees" time="0.003"/>
  <system-out/>
  <testcase classname="com.usa.testng.TestNGRunMultipleTimes" name="getEmployees" time="0.003"/>
  <system-out/>
  <testcase classname="com.usa.testng.TestNGRunMultipleTimes" name="getEmployees" time="0.003"/>
  <system-out/>
  <testcase classname="com.usa.testng.TestNGRunMultipleTimes" name="getEmployees" time="0.004"/>
  <system-out/>
  <testcase classname="com.usa.testng.TestNGRunMultipleTimes" name="getEmployees" time="0.011"/>
  <system-out/>
  <testcase classname="com.usa.testng.TestNGRunMultipleTimes" name="getEmployees" time="0.001"/>
  <system-out/>
  <testcase classname="com.usa.testng.TestNGRunMultipleTimes" name="getEmployees" time="0.000"/>
  <system-out/>
  <testcase classname="com.usa.testng.TestNGRunMultipleTimes" name="getEmployees" time="0.000"/>
  <system-out/>
  <testcase classname="com.usa.testng.TestNGRunMultipleTimes" name="getEmployees" time="0.001"/>
  <system-out/>
  <testcase classname="com.usa.testng.TestNGRunMultipleTimes" name="getEmployees" time="0.001"/>
  <system-out/>
  <testcase classname="com.usa.testng.TestNGRunMultipleTimes" name="getEmployees" time="0.004"/>
  <system-out/>
  <testcase classname="com.usa.testng.TestNGRunMultipleTimes" name="getEmployees" time="0.001"/>
  <system-out/>
  <testcase classname="com.usa.testng.TestNGRunMultipleTimes" name="getEmployees" time="0.000"/>
  <system-out/>
  <testcase classname="com.usa.testng.TestNGRunMultipleTimes" name="getEmployees" time="0.002"/>
  <system-out/>
  <testcase classname="com.usa.testng.TestNGRunMultipleTimes" name="getEmployees" time="0.002"/>
  <system-out/>
  <testcase classname="com.usa.testng.TestNGRunMultipleTimes" name="getEmployees" time="0.002"/>
  <system-out/>
  <testcase classname="com.usa.testng.TestNGRunMultipleTimes" name="getEmployees" time="0.002"/>
  <system-out/>
  <testcase classname="com.usa.testng.TestNGRunMultipleTimes" name="getEmployees" time="0.001"/>
  <system-out/>
  <testcase classname="com.usa.testng.TestNGRunMultipleTimes" name="getEmployees" time="0.001"/>
  <system-out/>
  <testcase classname="com.usa.testng.TestNGRunMultipleTimes" name="getEmployees" time="0.001"/>
  <system-out/>
  <testcase classname="com.usa.testng.TestNGRunMultipleTimes" name="getEmployees" time="0.001"/>
  <system-out/>
  <testcase classname="com.usa.testng.TestNGRunMultipleTimes" name="getEmployees" time="0.001"/>
  <system-out/>
  <testcase classname="com.usa.testng.TestNGRunMultipleTimes" name="getEmployees" time="0.001"/>
  <system-out/>
  <testcase classname="com.usa.testng.TestNGRunMultipleTimes" name="getEmployees" time="0.002"/>
  <system-out/>
  <testcase classname="com.usa.testng.TestNGRunMultipleTimes" name="getEmployees" time="0.001"/>
  <system-out/>
  <testcase classname="com.usa.testng.TestNGRunMultipleTimes" name="getEmployees" time="0.000"/>
  <system-out/>
  <testcase classname="com.usa.testng.TestNGRunMultipleTimes" name="getEmployees" time="0.000"/>
  <system-out/>
  <testcase classname="com.usa.testng.TestNGRunMultipleTimes" name="getEmployees" time="0.000"/>
  <system-out/>
  <testcase classname="com.usa.testng.TestNGRunMultipleTimes" name="getEmployees" time="0.002"/>
  <system-out/>
  <testcase classname="com.usa.testng.TestNGRunMultipleTimes" name="getEmployees" time="0.003"/>
  <system-out/>
  <testcase classname="com.usa.testng.TestNGRunMultipleTimes" name="getEmployees" time="0.001"/>
  <system-out/>
  <testcase classname="com.usa.testng.TestNGRunMultipleTimes" name="getEmployees" time="0.001"/>
  <system-out/>
  <testcase classname="com.usa.testng.TestNGRunMultipleTimes" name="getEmployees" time="0.001"/>
  <system-out/>
  <testcase classname="com.usa.testng.TestNGRunMultipleTimes" name="getEmployees" time="0.002"/>
  <system-out/>
  <testcase classname="com.usa.testng.TestNGRunMultipleTimes" name="getEmployees" time="0.001"/>
  <system-out/>
  <testcase classname="com.usa.testng.TestNGRunMultipleTimes" name="getEmployees" time="0.002"/>
  <system-out/>
  <testcase classname="com.usa.testng.TestNGRunMultipleTimes" name="getEmployees" time="0.001"/>
  <system-out/>
  <testcase classname="com.usa.testng.TestNGRunMultipleTimes" name="getEmployees" time="0.000"/>
  <system-out/>
  <testcase classname="com.usa.testng.TestNGRunMultipleTimes" name="getEmployees" time="0.001"/>
  <system-out/>
  <testcase classname="com.usa.testng.TestNGRunMultipleTimes" name="getEmployees" time="0.002"/>
  <system-out/>
  <testcase classname="com.usa.testng.TestNGRunMultipleTimes" name="getEmployees" time="0.001"/>
  <system-out/>
  <testcase classname="com.usa.testng.TestNGRunMultipleTimes" name="getEmployees" time="0.001"/>
  <system-out/>
  <testcase classname="com.usa.testng.TestNGRunMultipleTimes" name="getEmployees" time="0.002"/>
  <system-out/>
  <testcase classname="com.usa.testng.TestNGRunMultipleTimes" name="getEmployees" time="0.001"/>
  <system-out/>
  <testcase classname="com.usa.testng.TestNGRunMultipleTimes" name="getEmployees" time="0.001"/>
  <system-out/>
  <testcase classname="com.usa.testng.TestNGRunMultipleTimes" name="getEmployees" time="0.001"/>
  <system-out/>
  <testcase classname="com.usa.testng.TestNGRunMultipleTimes" name="getEmployees" time="0.000"/>
  <system-out/>
  <testcase classname="com.usa.testng.TestNGRunMultipleTimes" name="getEmployees" time="0.001"/>
  <system-out/>
  <testcase classname="com.usa.testng.TestNGRunMultipleTimes" name="getEmployees" time="0.000"/>
  <system-out/>
  <testcase classname="com.usa.testng.TestNGRunMultipleTimes" name="getEmployees" time="0.001"/>
  <system-out/>
  <testcase classname="com.usa.testng.TestNGRunMultipleTimes" name="getEmployees" time="0.001"/>
  <system-out/>
  <testcase classname="com.usa.testng.TestNGRunMultipleTimes" name="getEmployees" time="0.002"/>
  <system-out/>
  <testcase classname="com.usa.testng.TestNGRunMultipleTimes" name="getEmployees" time="0.047"/>
  <system-out/>
  <testcase classname="com.usa.testng.TestNGRunMultipleTimes" name="getEmployees" time="0.002"/>
  <system-out/>
  <testcase classname="com.usa.testng.TestNGRunMultipleTimes" name="getEmployees" time="0.001"/>
  <system-out/>
  <testcase classname="com.usa.testng.TestNGRunMultipleTimes" name="getEmployees" time="0.004"/>
  <system-out/>
  <testcase classname="com.usa.testng.TestNGRunMultipleTimes" name="getEmployees" time="0.001"/>
  <system-out/>
  <testcase classname="com.usa.testng.TestNGRunMultipleTimes" name="getEmployees" time="0.001"/>
  <system-out/>
  <testcase classname="com.usa.testng.TestNGRunMultipleTimes" name="getEmployees" time="0.002"/>
  <system-out/>
  <testcase classname="com.usa.testng.TestNGRunMultipleTimes" name="getEmployees" time="0.001"/>
  <system-out/>
  <testcase classname="com.usa.testng.TestNGRunMultipleTimes" name="getEmployees" time="0.001"/>
  <system-out/>
  <testcase classname="com.usa.testng.TestNGRunMultipleTimes" name="getEmployees" time="0.028"/>
  <system-out/>
  <testcase classname="com.usa.testng.TestNGRunMultipleTimes" name="getEmployees" time="0.000"/>
  <system-out/>
  <testcase classname="com.usa.testng.TestNGRunMultipleTimes" name="getEmployees" time="0.001"/>
  <system-out/>
  <testcase classname="com.usa.testng.TestNGRunMultipleTimes" name="getEmployees" time="0.001"/>
  <system-out/>
  <testcase classname="com.usa.testng.TestNGRunMultipleTimes" name="getEmployees" time="0.001"/>
  <system-out/>
  <testcase classname="com.usa.testng.TestNGRunMultipleTimes" name="getEmployees" time="0.002"/>
  <system-out/>
  <testcase classname="com.usa.testng.TestNGRunMultipleTimes" name="getEmployees" time="0.001"/>
  <system-out/>
  <testcase classname="com.usa.testng.TestNGRunMultipleTimes" name="getEmployees" time="0.005"/>
  <system-out/>
  <testcase classname="com.usa.testng.TestNGRunMultipleTimes" name="getEmployees" time="0.000"/>
  <system-out/>
  <testcase classname="com.usa.testng.TestNGRunMultipleTimes" name="getEmployees" time="0.003"/>
  <system-out/>
  <testcase classname="com.usa.testng.TestNGRunMultipleTimes" name="getEmployees" time="0.002"/>
  <system-out/>
  <testcase classname="com.usa.testng.TestNGRunMultipleTimes" name="getEmployees" time="0.001"/>
  <system-out/>
  <testcase classname="com.usa.testng.TestNGRunMultipleTimes" name="getEmployees" time="0.001"/>
  <system-out/>
  <testcase classname="com.usa.testng.TestNGRunMultipleTimes" name="getEmployees" time="0.003"/>
  <system-out/>
  <testcase classname="com.usa.testng.TestNGRunMultipleTimes" name="getEmployees" time="0.001"/>
  <system-out/>
  <testcase classname="com.usa.testng.TestNGRunMultipleTimes" name="getEmployees" time="0.004"/>
  <system-out/>
  <testcase classname="com.usa.testng.TestNGRunMultipleTimes" name="getEmployees" time="0.001"/>
  <system-out/>
  <testcase classname="com.usa.testng.TestNGRunMultipleTimes" name="getEmployees" time="0.002"/>
  <system-out/>
  <testcase classname="com.usa.testng.TestNGRunMultipleTimes" name="getEmployees" time="0.001"/>
  <system-out/>
  <testcase classname="com.usa.testng.TestNGRunMultipleTimes" name="getEmployees" time="0.005"/>
  <system-out/>
  <testcase classname="com.usa.testng.TestNGRunMultipleTimes" name="getEmployees" time="0.002"/>
  <system-out/>
  <testcase classname="com.usa.testng.TestNGRunMultipleTimes" name="getEmployees" time="0.001"/>
  <system-out/>
  <testcase classname="com.usa.testng.TestNGRunMultipleTimes" name="getEmployees" time="0.002"/>
  <system-out/>
  <testcase classname="com.usa.testng.TestNGRunMultipleTimes" name="getEmployees" time="0.000"/>
  <system-out/>
</testsuite> <!-- com.usa.testng.TestNGRunMultipleTimes -->
