<?xml version="1.0" encoding="UTF-8"?>
<!-- Generated by org.testng.reporters.JUnitReportReporter -->
<testsuite hostname="Mohammed-Alam" failures="0" tests="1" name="com.usa.collections.List_Interface" time="0.014" errors="0" timestamp="2022-03-27T19:19:21 EDT" skipped="0">
  <testcase classname="com.usa.collections.List_Interface" name="getArrayList" time="0.014"/>
  <system-out/>
</testsuite> <!-- com.usa.collections.List_Interface -->
