<?xml version="1.0" encoding="UTF-8"?>
<!-- Generated by org.testng.reporters.JUnitReportReporter -->
<testsuite hostname="Mohammed-Alam" failures="0" tests="1" name="com.usa.my.runner.RunCucumberTest" time="0.037" errors="0" timestamp="2022-03-21T22:32:31 EDT" skipped="0">
  <testcase classname="com.usa.my.runner.RunCucumberTest" name="feature" time="0.037"/>
  <system-out/>
</testsuite> <!-- com.usa.my.runner.RunCucumberTest -->
