<?xml version="1.0" encoding="UTF-8"?>
<!-- Generated by org.testng.reporters.JUnitReportReporter -->
<testsuite hostname="Mohammed-Alam" failures="0" tests="3" name="com.usa.testng.TestNGTes" time="0.027" errors="0" timestamp="2022-05-08T11:17:47 EDT" skipped="0">
  <testcase classname="com.usa.testng.TestNGTes" name="verifyTravel" time="0.018"/>
  <system-out/>
  <testcase classname="com.usa.testng.TestNGTes" name="verifyIncome" time="0.002"/>
  <system-out/>
  <testcase classname="com.usa.testng.TestNGTes" name="verifyIncome2" time="0.007"/>
  <system-out/>
</testsuite> <!-- com.usa.testng.TestNGTes -->
