<?xml version="1.0" encoding="UTF-8"?>
<!-- Generated by org.testng.reporters.JUnitReportReporter -->
<testsuite hostname="Mohammed-Alam" failures="0" tests="1" name="coding.challenges.RemoveDuplicates" time="0.009" errors="0" timestamp="2022-04-03T13:06:17 EDT" skipped="0">
  <testcase classname="coding.challenges.RemoveDuplicates" name="getCompareData" time="0.009"/>
  <system-out/>
</testsuite> <!-- coding.challenges.RemoveDuplicates -->
