<?xml version="1.0" encoding="UTF-8"?>
<!-- Generated by org.testng.reporters.JUnitReportReporter -->
<testsuite hostname="Mohammed-Alam" failures="0" tests="3" name="com.usa.testng.TestNGTrueFalse" time="0.019" errors="0" timestamp="2022-05-08T11:22:41 EDT" skipped="2">
  <testcase classname="com.usa.testng.TestNGTrueFalse" name="verifyTravel" time="0.019"/>
  <system-out/>
  <testcase classname="com.usa.testng.TestNGTrueFalse" name="verifyIncome">
    <skipped/>
  </testcase> <!-- verifyIncome -->
  <system-out/>
  <testcase classname="com.usa.testng.TestNGTrueFalse" name="verifyIncome2">
    <skipped/>
  </testcase> <!-- verifyIncome2 -->
  <system-out/>
</testsuite> <!-- com.usa.testng.TestNGTrueFalse -->
