<?xml version="1.0" encoding="UTF-8"?>
<!-- Generated by org.testng.reporters.JUnitReportReporter -->
<testsuite hostname="Mohammed-Alam" failures="0" tests="3" name="com.usa.testng.TestNGClass" time="0.021" errors="0" timestamp="2022-05-08T10:46:07 EDT" skipped="0">
  <testcase classname="com.usa.testng.TestNGClass" name="getExceuteTest3" time="0.002"/>
  <system-out/>
  <testcase classname="com.usa.testng.TestNGClass" name="getExceuteTest" time="0.017"/>
  <system-out/>
  <testcase classname="com.usa.testng.TestNGClass" name="getExceuteTest2" time="0.002"/>
  <system-out/>
</testsuite> <!-- com.usa.testng.TestNGClass -->
