<?xml version="1.0" encoding="UTF-8"?>
<!-- Generated by org.testng.reporters.JUnitReportReporter -->
<testsuite hostname="Mohammed-Alam" failures="0" tests="4" name="com.usa.stepdefinations.TestNGFeatures" time="0.025" errors="0" timestamp="2022-05-08T11:12:31 EDT" skipped="0">
  <testcase classname="com.usa.stepdefinations.TestNGFeatures" name="getStartDate" time="0.010"/>
  <system-out/>
  <testcase classname="com.usa.stepdefinations.TestNGFeatures" name="getEmployees" time="0.002"/>
  <system-out/>
  <testcase classname="com.usa.stepdefinations.TestNGFeatures" name="getAddress" time="0.011"/>
  <system-out/>
  <testcase classname="com.usa.stepdefinations.TestNGFeatures" name="getSalary" time="0.002"/>
  <system-out/>
</testsuite> <!-- com.usa.stepdefinations.TestNGFeatures -->
