<?xml version="1.0" encoding="UTF-8"?>
<!-- Generated by org.testng.reporters.JUnitReportReporter -->
<testsuite hostname="Mohammed-Alam" failures="0" tests="1" name="coding.challenges.RemoveDuplicates" time="0.014" errors="0" timestamp="2022-04-05T13:11:11 EDT" skipped="0">
  <testcase classname="coding.challenges.RemoveDuplicates" name="getRev" time="0.014"/>
  <system-out/>
</testsuite> <!-- coding.challenges.RemoveDuplicates -->
